# JRE version: OpenJDK Runtime Environment Temurin-21.0.6+7 (21.0.6+7) (build 21.0.6+7-LTS)
# Java VM: OpenJDK 64-Bit Server VM Temurin-21.0.6+7 (21.0.6+7-LTS, mixed mode, sharing, tiered, compressed oops, compressed class ptrs, parallel gc, windows-amd64)
GC Precious Log:
 CardTable entry size: 512
 CPUs: 2 total, 2 available
 Memory: 3911M
 Large Page Support: Disabled
 NUMA Support: Disabled
 Compressed Oops: Enabled (32-bit)
 Alignments: Space 512K, Generation 512K, Heap 2M
 Heap Min Capacity: 100M
 Heap Initial Capacity: 100M
 Heap Max Capacity: 1G
 Pre-touch: Disabled
 Parallel Workers: 2
Heap:
 PSYoungGen      total 20480K, used 6456K [0x00000000eab00000, 0x00000000ece00000, 0x0000000100000000)
  eden space 18432K, 24% used [0x00000000eab00000,0x00000000eaf559a8,0x00000000ebd00000)
  from space 2048K, 98% used [0x00000000ec400000,0x00000000ec5f8670,0x00000000ec600000)
  to   space 7168K, 0% used [0x00000000ebd00000,0x00000000ebd00000,0x00000000ec400000)
 ParOldGen       total 68608K, used 40848K [0x00000000c0000000, 0x00000000c4300000, 0x00000000eab00000)
  object space 68608K, 59% used [0x00000000c0000000,0x00000000c27e40e0,0x00000000c4300000)
 Metaspace       used 48312K, committed 49536K, reserved 1114112K
  class space    used 5055K, committed 5568K, reserved 1048576K
GC Heap History (20 events):
Event: 84.256 GC heap before
{Heap before GC invocations=19 (full 2):
 PSYoungGen      total 24064K, used 23760K [0x00000000eab00000, 0x00000000ec700000, 0x0000000100000000)
  eden space 22016K, 100% used [0x00000000eab00000,0x00000000ec080000,0x00000000ec080000)
  from space 2048K, 85% used [0x00000000ec500000,0x00000000ec6b4120,0x00000000ec700000)
  to   space 2560K, 0% used [0x00000000ec200000,0x00000000ec200000,0x00000000ec480000)
 ParOldGen       total 68608K, used 20864K [0x00000000c0000000, 0x00000000c4300000, 0x00000000eab00000)
  object space 68608K, 30% used [0x00000000c0000000,0x00000000c1460078,0x00000000c4300000)
 Metaspace       used 43535K, committed 44736K, reserved 1114112K
  class space    used 4541K, committed 5056K, reserved 1048576K
}
Event: 84.267 GC heap after
{Heap after GC invocations=19 (full 2):
 PSYoungGen      total 24576K, used 2093K [0x00000000eab00000, 0x00000000ec580000, 0x0000000100000000)
  eden space 22016K, 0% used [0x00000000eab00000,0x00000000eab00000,0x00000000ec080000)
  from space 2560K, 81% used [0x00000000ec200000,0x00000000ec40b510,0x00000000ec480000)
  to   space 1024K, 0% used [0x00000000ec480000,0x00000000ec480000,0x00000000ec580000)
 ParOldGen       total 68608K, used 21564K [0x00000000c0000000, 0x00000000c4300000, 0x00000000eab00000)
  object space 68608K, 31% used [0x00000000c0000000,0x00000000c150f198,0x00000000c4300000)
 Metaspace       used 43535K, committed 44736K, reserved 1114112K
  class space    used 4541K, committed 5056K, reserved 1048576K
}
Event: 88.504 GC heap before
{Heap before GC invocations=20 (full 2):
 PSYoungGen      total 24576K, used 24109K [0x00000000eab00000, 0x00000000ec580000, 0x0000000100000000)
  eden space 22016K, 100% used [0x00000000eab00000,0x00000000ec080000,0x00000000ec080000)
  from space 2560K, 81% used [0x00000000ec200000,0x00000000ec40b510,0x00000000ec480000)
  to   space 1024K, 0% used [0x00000000ec480000,0x00000000ec480000,0x00000000ec580000)
 ParOldGen       total 68608K, used 21564K [0x00000000c0000000, 0x00000000c4300000, 0x00000000eab00000)
  object space 68608K, 31% used [0x00000000c0000000,0x00000000c150f198,0x00000000c4300000)
 Metaspace       used 44831K, committed 46016K, reserved 1114112K
  class space    used 4713K, committed 5248K, reserved 1048576K
}
Event: 88.528 GC heap after
{Heap after GC invocations=20 (full 2):
 PSYoungGen      total 22528K, used 992K [0x00000000eab00000, 0x00000000ec980000, 0x0000000100000000)
  eden space 21504K, 0% used [0x00000000eab00000,0x00000000eab00000,0x00000000ec000000)
  from space 1024K, 96% used [0x00000000ec480000,0x00000000ec578010,0x00000000ec580000)
  to   space 4608K, 0% used [0x00000000ec000000,0x00000000ec000000,0x00000000ec480000)
 ParOldGen       total 68608K, used 24506K [0x00000000c0000000, 0x00000000c4300000, 0x00000000eab00000)
  object space 68608K, 35% used [0x00000000c0000000,0x00000000c17ee868,0x00000000c4300000)
 Metaspace       used 44831K, committed 46016K, reserved 1114112K
  class space    used 4713K, committed 5248K, reserved 1048576K
}
Event: 89.196 GC heap before
{Heap before GC invocations=21 (full 2):
 PSYoungGen      total 22528K, used 22496K [0x00000000eab00000, 0x00000000ec980000, 0x0000000100000000)
  eden space 21504K, 100% used [0x00000000eab00000,0x00000000ec000000,0x00000000ec000000)
  from space 1024K, 96% used [0x00000000ec480000,0x00000000ec578010,0x00000000ec580000)
  to   space 4608K, 0% used [0x00000000ec000000,0x00000000ec000000,0x00000000ec480000)
 ParOldGen       total 68608K, used 24506K [0x00000000c0000000, 0x00000000c4300000, 0x00000000eab00000)
  object space 68608K, 35% used [0x00000000c0000000,0x00000000c17ee868,0x00000000c4300000)
 Metaspace       used 45429K, committed 46656K, reserved 1114112K
  class space    used 4768K, committed 5312K, reserved 1048576K
}
Event: 89.206 GC heap after
{Heap after GC invocations=21 (full 2):
 PSYoungGen      total 23552K, used 1835K [0x00000000eab00000, 0x00000000ec600000, 0x0000000100000000)
  eden space 21504K, 0% used [0x00000000eab00000,0x00000000eab00000,0x00000000ec000000)
  from space 2048K, 89% used [0x00000000ec000000,0x00000000ec1cae40,0x00000000ec200000)
  to   space 3072K, 0% used [0x00000000ec300000,0x00000000ec300000,0x00000000ec600000)
 ParOldGen       total 68608K, used 25470K [0x00000000c0000000, 0x00000000c4300000, 0x00000000eab00000)
  object space 68608K, 37% used [0x00000000c0000000,0x00000000c18dfbc0,0x00000000c4300000)
 Metaspace       used 45429K, committed 46656K, reserved 1114112K
  class space    used 4768K, committed 5312K, reserved 1048576K
}
Event: 89.924 GC heap before
{Heap before GC invocations=22 (full 2):
 PSYoungGen      total 23552K, used 23339K [0x00000000eab00000, 0x00000000ec600000, 0x0000000100000000)
  eden space 21504K, 100% used [0x00000000eab00000,0x00000000ec000000,0x00000000ec000000)
  from space 2048K, 89% used [0x00000000ec000000,0x00000000ec1cae40,0x00000000ec200000)
  to   space 3072K, 0% used [0x00000000ec300000,0x00000000ec300000,0x00000000ec600000)
 ParOldGen       total 68608K, used 25470K [0x00000000c0000000, 0x00000000c4300000, 0x00000000eab00000)
  object space 68608K, 37% used [0x00000000c0000000,0x00000000c18dfbc0,0x00000000c4300000)
 Metaspace       used 46266K, committed 47552K, reserved 1114112K
  class space    used 4867K, committed 5440K, reserved 1048576K
}
Event: 89.935 GC heap after
{Heap after GC invocations=22 (full 2):
 PSYoungGen      total 24064K, used 2340K [0x00000000eab00000, 0x00000000ec580000, 0x0000000100000000)
  eden space 21504K, 0% used [0x00000000eab00000,0x00000000eab00000,0x00000000ec000000)
  from space 2560K, 91% used [0x00000000ec300000,0x00000000ec549260,0x00000000ec580000)
  to   space 2560K, 0% used [0x00000000ec080000,0x00000000ec080000,0x00000000ec300000)
 ParOldGen       total 68608K, used 27142K [0x00000000c0000000, 0x00000000c4300000, 0x00000000eab00000)
  object space 68608K, 39% used [0x00000000c0000000,0x00000000c1a81bc0,0x00000000c4300000)
 Metaspace       used 46266K, committed 47552K, reserved 1114112K
  class space    used 4867K, committed 5440K, reserved 1048576K
}
Event: 90.359 GC heap before
{Heap before GC invocations=23 (full 2):
 PSYoungGen      total 24064K, used 23844K [0x00000000eab00000, 0x00000000ec580000, 0x0000000100000000)
  eden space 21504K, 100% used [0x00000000eab00000,0x00000000ec000000,0x00000000ec000000)
  from space 2560K, 91% used [0x00000000ec300000,0x00000000ec549260,0x00000000ec580000)
  to   space 2560K, 0% used [0x00000000ec080000,0x00000000ec080000,0x00000000ec300000)
 ParOldGen       total 68608K, used 27142K [0x00000000c0000000, 0x00000000c4300000, 0x00000000eab00000)
  object space 68608K, 39% used [0x00000000c0000000,0x00000000c1a81bc0,0x00000000c4300000)
 Metaspace       used 46618K, committed 47808K, reserved 1114112K
  class space    used 4906K, committed 5440K, reserved 1048576K
}
Event: 90.378 GC heap after
{Heap after GC invocations=23 (full 2):
 PSYoungGen      total 23552K, used 2029K [0x00000000eab00000, 0x00000000ec500000, 0x0000000100000000)
  eden space 21504K, 0% used [0x00000000eab00000,0x00000000eab00000,0x00000000ec000000)
  from space 2048K, 99% used [0x00000000ec080000,0x00000000ec27b740,0x00000000ec280000)
  to   space 2560K, 0% used [0x00000000ec280000,0x00000000ec280000,0x00000000ec500000)
 ParOldGen       total 68608K, used 29310K [0x00000000c0000000, 0x00000000c4300000, 0x00000000eab00000)
  object space 68608K, 42% used [0x00000000c0000000,0x00000000c1c9fb98,0x00000000c4300000)
 Metaspace       used 46618K, committed 47808K, reserved 1114112K
  class space    used 4906K, committed 5440K, reserved 1048576K
}
Event: 90.672 GC heap before
{Heap before GC invocations=24 (full 2):
 PSYoungGen      total 23552K, used 23533K [0x00000000eab00000, 0x00000000ec500000, 0x0000000100000000)
  eden space 21504K, 100% used [0x00000000eab00000,0x00000000ec000000,0x00000000ec000000)
  from space 2048K, 99% used [0x00000000ec080000,0x00000000ec27b740,0x00000000ec280000)
  to   space 2560K, 0% used [0x00000000ec280000,0x00000000ec280000,0x00000000ec500000)
 ParOldGen       total 68608K, used 29310K [0x00000000c0000000, 0x00000000c4300000, 0x00000000eab00000)
  object space 68608K, 42% used [0x00000000c0000000,0x00000000c1c9fb98,0x00000000c4300000)
 Metaspace       used 46718K, committed 47936K, reserved 1114112K
  class space    used 4918K, committed 5440K, reserved 1048576K
}
Event: 90.682 GC heap after
{Heap after GC invocations=24 (full 2):
 PSYoungGen      total 23552K, used 1860K [0x00000000eab00000, 0x00000000ec480000, 0x0000000100000000)
  eden space 21504K, 0% used [0x00000000eab00000,0x00000000eab00000,0x00000000ec000000)
  from space 2048K, 90% used [0x00000000ec280000,0x00000000ec451000,0x00000000ec480000)
  to   space 2048K, 0% used [0x00000000ec080000,0x00000000ec080000,0x00000000ec280000)
 ParOldGen       total 68608K, used 31263K [0x00000000c0000000, 0x00000000c4300000, 0x00000000eab00000)
  object space 68608K, 45% used [0x00000000c0000000,0x00000000c1e87f28,0x00000000c4300000)
 Metaspace       used 46718K, committed 47936K, reserved 1114112K
  class space    used 4918K, committed 5440K, reserved 1048576K
}
Event: 90.845 GC heap before
{Heap before GC invocations=25 (full 2):
 PSYoungGen      total 23552K, used 23364K [0x00000000eab00000, 0x00000000ec480000, 0x0000000100000000)
  eden space 21504K, 100% used [0x00000000eab00000,0x00000000ec000000,0x00000000ec000000)
  from space 2048K, 90% used [0x00000000ec280000,0x00000000ec451000,0x00000000ec480000)
  to   space 2048K, 0% used [0x00000000ec080000,0x00000000ec080000,0x00000000ec280000)
 ParOldGen       total 68608K, used 31263K [0x00000000c0000000, 0x00000000c4300000, 0x00000000eab00000)
  object space 68608K, 45% used [0x00000000c0000000,0x00000000c1e87f28,0x00000000c4300000)
 Metaspace       used 46774K, committed 48000K, reserved 1114112K
  class space    used 4924K, committed 5440K, reserved 1048576K
}
Event: 90.856 GC heap after
{Heap after GC invocations=25 (full 2):
 PSYoungGen      total 23552K, used 2016K [0x00000000eab00000, 0x00000000ec900000, 0x0000000100000000)
  eden space 21504K, 0% used [0x00000000eab00000,0x00000000eab00000,0x00000000ec000000)
  from space 2048K, 98% used [0x00000000ec080000,0x00000000ec278010,0x00000000ec280000)
  to   space 4608K, 0% used [0x00000000ec480000,0x00000000ec480000,0x00000000ec900000)
 ParOldGen       total 68608K, used 33072K [0x00000000c0000000, 0x00000000c4300000, 0x00000000eab00000)
  object space 68608K, 48% used [0x00000000c0000000,0x00000000c204c028,0x00000000c4300000)
 Metaspace       used 46774K, committed 48000K, reserved 1114112K
  class space    used 4924K, committed 5440K, reserved 1048576K
}
Event: 91.202 GC heap before
{Heap before GC invocations=26 (full 2):
 PSYoungGen      total 23552K, used 23520K [0x00000000eab00000, 0x00000000ec900000, 0x0000000100000000)
  eden space 21504K, 100% used [0x00000000eab00000,0x00000000ec000000,0x00000000ec000000)
  from space 2048K, 98% used [0x00000000ec080000,0x00000000ec278010,0x00000000ec280000)
  to   space 4608K, 0% used [0x00000000ec480000,0x00000000ec480000,0x00000000ec900000)
 ParOldGen       total 68608K, used 33072K [0x00000000c0000000, 0x00000000c4300000, 0x00000000eab00000)
  object space 68608K, 48% used [0x00000000c0000000,0x00000000c204c028,0x00000000c4300000)
 Metaspace       used 46850K, committed 48128K, reserved 1114112K
  class space    used 4934K, committed 5504K, reserved 1048576K
}
Event: 91.214 GC heap after
{Heap after GC invocations=26 (full 2):
 PSYoungGen      total 23552K, used 1784K [0x00000000eab00000, 0x00000000ec680000, 0x0000000100000000)
  eden space 21504K, 0% used [0x00000000eab00000,0x00000000eab00000,0x00000000ec000000)
  from space 2048K, 87% used [0x00000000ec480000,0x00000000ec63e200,0x00000000ec680000)
  to   space 2560K, 0% used [0x00000000ec180000,0x00000000ec180000,0x00000000ec400000)
 ParOldGen       total 68608K, used 35080K [0x00000000c0000000, 0x00000000c4300000, 0x00000000eab00000)
  object space 68608K, 51% used [0x00000000c0000000,0x00000000c2242038,0x00000000c4300000)
 Metaspace       used 46850K, committed 48128K, reserved 1114112K
  class space    used 4934K, committed 5504K, reserved 1048576K
}
Event: 94.358 GC heap before
{Heap before GC invocations=27 (full 2):
 PSYoungGen      total 23552K, used 23288K [0x00000000eab00000, 0x00000000ec680000, 0x0000000100000000)
  eden space 21504K, 100% used [0x00000000eab00000,0x00000000ec000000,0x00000000ec000000)
  from space 2048K, 87% used [0x00000000ec480000,0x00000000ec63e200,0x00000000ec680000)
  to   space 2560K, 0% used [0x00000000ec180000,0x00000000ec180000,0x00000000ec400000)
 ParOldGen       total 68608K, used 35080K [0x00000000c0000000, 0x00000000c4300000, 0x00000000eab00000)
  object space 68608K, 51% used [0x00000000c0000000,0x00000000c2242038,0x00000000c4300000)
 Metaspace       used 47884K, committed 49152K, reserved 1114112K
  class space    used 5029K, committed 5568K, reserved 1048576K
}
Event: 94.371 GC heap after
{Heap after GC invocations=27 (full 2):
 PSYoungGen      total 24064K, used 2522K [0x00000000eab00000, 0x00000000ec600000, 0x0000000100000000)
  eden space 21504K, 0% used [0x00000000eab00000,0x00000000eab00000,0x00000000ec000000)
  from space 2560K, 98% used [0x00000000ec180000,0x00000000ec3f6bb8,0x00000000ec400000)
  to   space 2048K, 0% used [0x00000000ec400000,0x00000000ec400000,0x00000000ec600000)
 ParOldGen       total 68608K, used 36816K [0x00000000c0000000, 0x00000000c4300000, 0x00000000eab00000)
  object space 68608K, 53% used [0x00000000c0000000,0x00000000c23f4238,0x00000000c4300000)
 Metaspace       used 47884K, committed 49152K, reserved 1114112K
  class space    used 5029K, committed 5568K, reserved 1048576K
}
Event: 106.018 GC heap before
{Heap before GC invocations=28 (full 2):
 PSYoungGen      total 24064K, used 24023K [0x00000000eab00000, 0x00000000ec600000, 0x0000000100000000)
  eden space 21504K, 99% used [0x00000000eab00000,0x00000000ebfff410,0x00000000ec000000)
  from space 2560K, 98% used [0x00000000ec180000,0x00000000ec3f6bb8,0x00000000ec400000)
  to   space 2048K, 0% used [0x00000000ec400000,0x00000000ec400000,0x00000000ec600000)
 ParOldGen       total 68608K, used 36816K [0x00000000c0000000, 0x00000000c4300000, 0x00000000eab00000)
  object space 68608K, 53% used [0x00000000c0000000,0x00000000c23f4238,0x00000000c4300000)
 Metaspace       used 48282K, committed 49536K, reserved 1114112K
  class space    used 5052K, committed 5568K, reserved 1048576K
}
Event: 106.035 GC heap after
{Heap after GC invocations=28 (full 2):
 PSYoungGen      total 20480K, used 2017K [0x00000000eab00000, 0x00000000ece00000, 0x0000000100000000)
  eden space 18432K, 0% used [0x00000000eab00000,0x00000000eab00000,0x00000000ebd00000)
  from space 2048K, 98% used [0x00000000ec400000,0x00000000ec5f8670,0x00000000ec600000)
  to   space 7168K, 0% used [0x00000000ebd00000,0x00000000ebd00000,0x00000000ec400000)
 ParOldGen       total 68608K, used 40848K [0x00000000c0000000, 0x00000000c4300000, 0x00000000eab00000)
  object space 68608K, 59% used [0x00000000c0000000,0x00000000c27e40e0,0x00000000c4300000)
 Metaspace       used 48282K, committed 49536K, reserved 1114112K
  class space    used 5052K, committed 5568K, reserved 1048576K
}

