# JRE version: Java(TM) SE Runtime Environment (21.0.3+7) (build 21.0.3+7-LTS-152)
# Java VM: Java HotSpot(TM) 64-Bit Server VM (21.0.3+7-LTS-152, mixed mode, sharing, tiered, compressed oops, compressed class ptrs, g1 gc, windows-amd64)
GC Precious Log:
 CardTable entry size: 512
 Card Set container configuration: InlinePtr #cards 5 size 8 Array Of Cards #cards 12 size 40 Howl #buckets 4 coarsen threshold 1843 Howl Bitmap #cards 512 size 80 coarsen threshold 460 Card regions per heap region 1 cards per card region 2048
 CPUs: 2 total, 2 available
 Memory: 3911M
 Large Page Support: Disabled
 NUMA Support: Disabled
 Compressed Oops: Enabled (32-bit)
 Heap Region Size: 1M
 Heap Min Capacity: 8M
 Heap Initial Capacity: 62M
 Heap Max Capacity: 978M
 Pre-touch: Disabled
 Parallel Workers: 2
 Concurrent Workers: 1
 Concurrent Refinement Workers: 2
 Periodic GC: Disabled
Heap:
 garbage-first heap   total 40960K, used 29146K [0x00000000c2e00000, 0x0000000100000000)
  region size 1024K, 18 young (18432K), 2 survivors (2048K)
 Metaspace       used 33473K, committed 33920K, reserved 1114112K
  class space    used 4219K, committed 4416K, reserved 1048576K
GC Heap History (16 events):
Event: 1.226 GC heap before
{Heap before GC invocations=0 (full 0):
 garbage-first heap   total 63488K, used 6144K [0x00000000c2e00000, 0x0000000100000000)
  region size 1024K, 6 young (6144K), 0 survivors (0K)
 Metaspace       used 1409K, committed 1536K, reserved 1114112K
  class space    used 113K, committed 192K, reserved 1048576K
}
Event: 1.233 GC heap after
{Heap after GC invocations=1 (full 0):
 garbage-first heap   total 63488K, used 2739K [0x00000000c2e00000, 0x0000000100000000)
  region size 1024K, 1 young (1024K), 1 survivors (1024K)
 Metaspace       used 1409K, committed 1536K, reserved 1114112K
  class space    used 113K, committed 192K, reserved 1048576K
}
Event: 1.500 GC heap before
{Heap before GC invocations=1 (full 0):
 garbage-first heap   total 63488K, used 5811K [0x00000000c2e00000, 0x0000000100000000)
  region size 1024K, 5 young (5120K), 1 survivors (1024K)
 Metaspace       used 2655K, committed 2816K, reserved 1114112K
  class space    used 272K, committed 384K, reserved 1048576K
}
Event: 1.504 GC heap after
{Heap after GC invocations=2 (full 0):
 garbage-first heap   total 63488K, used 3559K [0x00000000c2e00000, 0x0000000100000000)
  region size 1024K, 1 young (1024K), 1 survivors (1024K)
 Metaspace       used 2655K, committed 2816K, reserved 1114112K
  class space    used 272K, committed 384K, reserved 1048576K
}
Event: 1.961 GC heap before
{Heap before GC invocations=2 (full 0):
 garbage-first heap   total 63488K, used 10727K [0x00000000c2e00000, 0x0000000100000000)
  region size 1024K, 9 young (9216K), 1 survivors (1024K)
 Metaspace       used 5336K, committed 5568K, reserved 1114112K
  class space    used 625K, committed 704K, reserved 1048576K
}
Event: 1.964 GC heap after
{Heap after GC invocations=3 (full 0):
 garbage-first heap   total 63488K, used 4192K [0x00000000c2e00000, 0x0000000100000000)
  region size 1024K, 2 young (2048K), 2 survivors (2048K)
 Metaspace       used 5336K, committed 5568K, reserved 1114112K
  class space    used 625K, committed 704K, reserved 1048576K
}
Event: 5.010 GC heap before
{Heap before GC invocations=3 (full 0):
 garbage-first heap   total 63488K, used 40032K [0x00000000c2e00000, 0x0000000100000000)
  region size 1024K, 37 young (37888K), 2 survivors (2048K)
 Metaspace       used 14809K, committed 15104K, reserved 1114112K
  class space    used 1852K, committed 1984K, reserved 1048576K
}
Event: 5.022 GC heap after
{Heap after GC invocations=4 (full 0):
 garbage-first heap   total 63488K, used 7315K [0x00000000c2e00000, 0x0000000100000000)
  region size 1024K, 5 young (5120K), 5 survivors (5120K)
 Metaspace       used 14809K, committed 15104K, reserved 1114112K
  class space    used 1852K, committed 1984K, reserved 1048576K
}
Event: 7.512 GC heap before
{Heap before GC invocations=4 (full 0):
 garbage-first heap   total 63488K, used 40083K [0x00000000c2e00000, 0x0000000100000000)
  region size 1024K, 37 young (37888K), 5 survivors (5120K)
 Metaspace       used 20244K, committed 20608K, reserved 1114112K
  class space    used 2482K, committed 2688K, reserved 1048576K
}
Event: 7.531 GC heap after
{Heap after GC invocations=5 (full 0):
 garbage-first heap   total 63488K, used 10640K [0x00000000c2e00000, 0x0000000100000000)
  region size 1024K, 4 young (4096K), 4 survivors (4096K)
 Metaspace       used 20244K, committed 20608K, reserved 1114112K
  class space    used 2482K, committed 2688K, reserved 1048576K
}
Event: 7.913 GC heap before
{Heap before GC invocations=5 (full 0):
 garbage-first heap   total 63488K, used 13712K [0x00000000c2e00000, 0x0000000100000000)
  region size 1024K, 8 young (8192K), 4 survivors (4096K)
 Metaspace       used 21195K, committed 21504K, reserved 1114112K
  class space    used 2592K, committed 2752K, reserved 1048576K
}
Event: 7.923 GC heap after
{Heap after GC invocations=6 (full 0):
 garbage-first heap   total 63488K, used 11070K [0x00000000c2e00000, 0x0000000100000000)
  region size 1024K, 1 young (1024K), 1 survivors (1024K)
 Metaspace       used 21195K, committed 21504K, reserved 1114112K
  class space    used 2592K, committed 2752K, reserved 1048576K
}
Event: 11.023 GC heap before
{Heap before GC invocations=7 (full 0):
 garbage-first heap   total 40960K, used 34622K [0x00000000c2e00000, 0x0000000100000000)
  region size 1024K, 24 young (24576K), 1 survivors (1024K)
 Metaspace       used 25675K, committed 26176K, reserved 1114112K
  class space    used 3214K, committed 3456K, reserved 1048576K
}
Event: 11.037 GC heap after
{Heap after GC invocations=8 (full 0):
 garbage-first heap   total 40960K, used 12853K [0x00000000c2e00000, 0x0000000100000000)
  region size 1024K, 3 young (3072K), 3 survivors (3072K)
 Metaspace       used 25675K, committed 26176K, reserved 1114112K
  class space    used 3214K, committed 3456K, reserved 1048576K
}
Event: 106.735 GC heap before
{Heap before GC invocations=8 (full 0):
 garbage-first heap   total 40960K, used 32309K [0x00000000c2e00000, 0x0000000100000000)
  region size 1024K, 23 young (23552K), 3 survivors (3072K)
 Metaspace       used 29263K, committed 29760K, reserved 1114112K
  class space    used 3682K, committed 3904K, reserved 1048576K
}
Event: 106.754 GC heap after
{Heap after GC invocations=9 (full 0):
 garbage-first heap   total 40960K, used 14810K [0x00000000c2e00000, 0x0000000100000000)
  region size 1024K, 2 young (2048K), 2 survivors (2048K)
 Metaspace       used 29263K, committed 29760K, reserved 1114112K
  class space    used 3682K, committed 3904K, reserved 1048576K
}

